{"E:\\Programming\\NodeJs\\CF7-Node\\usersApp\\app.js": {"path":"E:\\Programming\\NodeJs\\CF7-Node\\usersApp\\app.js","statementMap":{"0":{"start":{"line":1,"column":16},"end":{"line":1,"column":34}},"1":{"start":{"line":2,"column":12},"end":{"line":2,"column":21}},"2":{"start":{"line":3,"column":13},"end":{"line":3,"column":28}},"3":{"start":{"line":5,"column":0},"end":{"line":5,"column":23}},"4":{"start":{"line":6,"column":0},"end":{"line":6,"column":45}},"5":{"start":{"line":8,"column":18},"end":{"line":8,"column":47}},"6":{"start":{"line":9,"column":24},"end":{"line":9,"column":44}},"7":{"start":{"line":11,"column":13},"end":{"line":11,"column":45}},"8":{"start":{"line":12,"column":20},"end":{"line":12,"column":60}},"9":{"start":{"line":13,"column":23},"end":{"line":13,"column":54}},"10":{"start":{"line":16,"column":0},"end":{"line":18,"column":3}},"11":{"start":{"line":20,"column":0},"end":{"line":20,"column":36}},"12":{"start":{"line":21,"column":0},"end":{"line":21,"column":27}},"13":{"start":{"line":22,"column":0},"end":{"line":22,"column":41}},"14":{"start":{"line":24,"column":0},"end":{"line":24,"column":37}},"15":{"start":{"line":29,"column":0},"end":{"line":29,"column":79}},"16":{"start":{"line":31,"column":0},"end":{"line":31,"column":20}}},"fnMap":{},"branchMap":{},"s":{"0":1,"1":1,"2":1,"3":1,"4":1,"5":1,"6":1,"7":1,"8":1,"9":1,"10":1,"11":1,"12":1,"13":1,"14":1,"15":1,"16":1},"f":{},"b":{},"_coverageSchema":"1a1c01bbd47fc00a2c39e90264f33305004495a9","hash":"fdb6b9403dfa81b0a0efbd01eae0b8e06fe409de"}
,"E:\\Programming\\NodeJs\\CF7-Node\\usersApp\\swagger.js": {"path":"E:\\Programming\\NodeJs\\CF7-Node\\usersApp\\swagger.js","statementMap":{"0":{"start":{"line":4,"column":12},"end":{"line":4,"column":42}},"1":{"start":{"line":5,"column":13},"end":{"line":5,"column":43}},"2":{"start":{"line":7,"column":0},"end":{"line":253,"column":1}}},"fnMap":{},"branchMap":{},"s":{"0":1,"1":1,"2":1},"f":{},"b":{},"_coverageSchema":"1a1c01bbd47fc00a2c39e90264f33305004495a9","hash":"86fd366807fedda42ff938d2c295f991cf39de84"}
,"E:\\Programming\\NodeJs\\CF7-Node\\usersApp\\controllers\\auth.controller.js": {"path":"E:\\Programming\\NodeJs\\CF7-Node\\usersApp\\controllers\\auth.controller.js","statementMap":{"0":{"start":{"line":1,"column":13},"end":{"line":1,"column":44}},"1":{"start":{"line":2,"column":15},"end":{"line":2,"column":32}},"2":{"start":{"line":3,"column":20},"end":{"line":3,"column":55}},"3":{"start":{"line":4,"column":15},"end":{"line":4,"column":42}},"4":{"start":{"line":6,"column":0},"end":{"line":37,"column":1}},"5":{"start":{"line":7,"column":2},"end":{"line":7,"column":41}},"6":{"start":{"line":9,"column":15},"end":{"line":9,"column":27}},"7":{"start":{"line":10,"column":19},"end":{"line":10,"column":32}},"8":{"start":{"line":11,"column":19},"end":{"line":11,"column":32}},"9":{"start":{"line":13,"column":2},"end":{"line":36,"column":3}},"10":{"start":{"line":14,"column":19},"end":{"line":14,"column":58}},"11":{"start":{"line":16,"column":20},"end":{"line":16,"column":67}},"12":{"start":{"line":18,"column":4},"end":{"line":29,"column":5}},"13":{"start":{"line":19,"column":20},"end":{"line":19,"column":59}},"14":{"start":{"line":20,"column":6},"end":{"line":23,"column":8}},"15":{"start":{"line":25,"column":6},"end":{"line":28,"column":8}},"16":{"start":{"line":31,"column":4},"end":{"line":31,"column":42}},"17":{"start":{"line":32,"column":4},"end":{"line":35,"column":6}},"18":{"start":{"line":39,"column":0},"end":{"line":74,"column":1}},"19":{"start":{"line":40,"column":15},"end":{"line":40,"column":33}},"20":{"start":{"line":42,"column":2},"end":{"line":73,"column":3}},"21":{"start":{"line":43,"column":4},"end":{"line":66,"column":5}},"22":{"start":{"line":44,"column":6},"end":{"line":47,"column":8}},"23":{"start":{"line":48,"column":6},"end":{"line":48,"column":71}},"24":{"start":{"line":50,"column":17},"end":{"line":50,"column":51}},"25":{"start":{"line":52,"column":6},"end":{"line":65,"column":7}},"26":{"start":{"line":53,"column":8},"end":{"line":53,"column":32}},"27":{"start":{"line":55,"column":8},"end":{"line":58,"column":10}},"28":{"start":{"line":59,"column":8},"end":{"line":59,"column":33}},"29":{"start":{"line":61,"column":8},"end":{"line":64,"column":10}},"30":{"start":{"line":68,"column":4},"end":{"line":68,"column":50}},"31":{"start":{"line":69,"column":4},"end":{"line":72,"column":6}}},"fnMap":{"0":{"name":"(anonymous_0)","decl":{"start":{"line":6,"column":16},"end":{"line":6,"column":17}},"loc":{"start":{"line":6,"column":44},"end":{"line":37,"column":1}},"line":6},"1":{"name":"(anonymous_1)","decl":{"start":{"line":39,"column":22},"end":{"line":39,"column":23}},"loc":{"start":{"line":39,"column":50},"end":{"line":74,"column":1}},"line":39}},"branchMap":{"0":{"loc":{"start":{"line":18,"column":4},"end":{"line":29,"column":5}},"type":"if","locations":[{"start":{"line":18,"column":4},"end":{"line":29,"column":5}},{"start":{"line":24,"column":11},"end":{"line":29,"column":5}}],"line":18},"1":{"loc":{"start":{"line":18,"column":7},"end":{"line":18,"column":56}},"type":"binary-expr","locations":[{"start":{"line":18,"column":7},"end":{"line":18,"column":13}},{"start":{"line":18,"column":17},"end":{"line":18,"column":45}},{"start":{"line":18,"column":49},"end":{"line":18,"column":56}}],"line":18},"2":{"loc":{"start":{"line":43,"column":4},"end":{"line":66,"column":5}},"type":"if","locations":[{"start":{"line":43,"column":4},"end":{"line":66,"column":5}},{"start":{"line":49,"column":11},"end":{"line":66,"column":5}}],"line":43},"3":{"loc":{"start":{"line":52,"column":6},"end":{"line":65,"column":7}},"type":"if","locations":[{"start":{"line":52,"column":6},"end":{"line":65,"column":7}},{"start":{"line":60,"column":13},"end":{"line":65,"column":7}}],"line":52}},"s":{"0":1,"1":1,"2":1,"3":1,"4":1,"5":0,"6":0,"7":0,"8":0,"9":0,"10":0,"11":0,"12":0,"13":0,"14":0,"15":0,"16":0,"17":0,"18":1,"19":0,"20":0,"21":0,"22":0,"23":0,"24":0,"25":0,"26":0,"27":0,"28":0,"29":0,"30":0,"31":0},"f":{"0":0,"1":0},"b":{"0":[0,0],"1":[0,0,0],"2":[0,0],"3":[0,0]},"_coverageSchema":"1a1c01bbd47fc00a2c39e90264f33305004495a9","hash":"7335d85f2005b98807cda98978f8ce9c7d5d3564"}
,"E:\\Programming\\NodeJs\\CF7-Node\\usersApp\\controllers\\user.controller.js": {"path":"E:\\Programming\\NodeJs\\CF7-Node\\usersApp\\controllers\\user.controller.js","statementMap":{"0":{"start":{"line":1,"column":13},"end":{"line":1,"column":44}},"1":{"start":{"line":2,"column":20},"end":{"line":2,"column":56}},"2":{"start":{"line":3,"column":15},"end":{"line":3,"column":32}},"3":{"start":{"line":4,"column":15},"end":{"line":4,"column":42}},"4":{"start":{"line":6,"column":0},"end":{"line":26,"column":1}},"5":{"start":{"line":7,"column":2},"end":{"line":7,"column":53}},"6":{"start":{"line":9,"column":2},"end":{"line":25,"column":3}},"7":{"start":{"line":11,"column":19},"end":{"line":11,"column":46}},"8":{"start":{"line":12,"column":4},"end":{"line":15,"column":6}},"9":{"start":{"line":16,"column":4},"end":{"line":16,"column":47}},"10":{"start":{"line":19,"column":4},"end":{"line":19,"column":48}},"11":{"start":{"line":20,"column":4},"end":{"line":20,"column":53}},"12":{"start":{"line":21,"column":4},"end":{"line":24,"column":6}},"13":{"start":{"line":28,"column":0},"end":{"line":58,"column":1}},"14":{"start":{"line":29,"column":2},"end":{"line":29,"column":49}},"15":{"start":{"line":30,"column":17},"end":{"line":30,"column":40}},"16":{"start":{"line":32,"column":2},"end":{"line":57,"column":3}},"17":{"start":{"line":37,"column":19},"end":{"line":37,"column":54}},"18":{"start":{"line":38,"column":4},"end":{"line":48,"column":5}},"19":{"start":{"line":39,"column":6},"end":{"line":42,"column":8}},"20":{"start":{"line":44,"column":6},"end":{"line":47,"column":8}},"21":{"start":{"line":52,"column":4},"end":{"line":52,"column":47}},"22":{"start":{"line":53,"column":4},"end":{"line":56,"column":6}},"23":{"start":{"line":60,"column":0},"end":{"line":96,"column":1}},"24":{"start":{"line":61,"column":2},"end":{"line":61,"column":28}},"25":{"start":{"line":63,"column":13},"end":{"line":63,"column":25}},"26":{"start":{"line":64,"column":23},"end":{"line":64,"column":25}},"27":{"start":{"line":65,"column":23},"end":{"line":65,"column":25}},"28":{"start":{"line":67,"column":2},"end":{"line":69,"column":3}},"29":{"start":{"line":68,"column":4},"end":{"line":68,"column":67}},"30":{"start":{"line":71,"column":18},"end":{"line":81,"column":4}},"31":{"start":{"line":83,"column":2},"end":{"line":95,"column":3}},"32":{"start":{"line":84,"column":19},"end":{"line":84,"column":39}},"33":{"start":{"line":85,"column":4},"end":{"line":88,"column":6}},"34":{"start":{"line":90,"column":4},"end":{"line":90,"column":48}},"35":{"start":{"line":91,"column":4},"end":{"line":94,"column":6}},"36":{"start":{"line":98,"column":0},"end":{"line":126,"column":1}},"37":{"start":{"line":99,"column":19},"end":{"line":99,"column":40}},"38":{"start":{"line":100,"column":2},"end":{"line":100,"column":52}},"39":{"start":{"line":101,"column":15},"end":{"line":101,"column":27}},"40":{"start":{"line":103,"column":21},"end":{"line":111,"column":3}},"41":{"start":{"line":113,"column":2},"end":{"line":125,"column":3}},"42":{"start":{"line":114,"column":19},"end":{"line":114,"column":93}},"43":{"start":{"line":115,"column":4},"end":{"line":118,"column":6}},"44":{"start":{"line":120,"column":4},"end":{"line":120,"column":58}},"45":{"start":{"line":121,"column":4},"end":{"line":124,"column":6}},"46":{"start":{"line":129,"column":0},"end":{"line":146,"column":1}},"47":{"start":{"line":130,"column":19},"end":{"line":130,"column":42}},"48":{"start":{"line":131,"column":2},"end":{"line":131,"column":52}},"49":{"start":{"line":133,"column":2},"end":{"line":145,"column":3}},"50":{"start":{"line":134,"column":19},"end":{"line":134,"column":67}},"51":{"start":{"line":135,"column":4},"end":{"line":138,"column":6}},"52":{"start":{"line":140,"column":4},"end":{"line":140,"column":58}},"53":{"start":{"line":141,"column":4},"end":{"line":144,"column":6}},"54":{"start":{"line":149,"column":0},"end":{"line":167,"column":1}},"55":{"start":{"line":150,"column":19},"end":{"line":150,"column":42}},"56":{"start":{"line":151,"column":16},"end":{"line":151,"column":36}},"57":{"start":{"line":152,"column":2},"end":{"line":152,"column":46}},"58":{"start":{"line":154,"column":2},"end":{"line":166,"column":3}},"59":{"start":{"line":155,"column":19},"end":{"line":155,"column":61}},"60":{"start":{"line":156,"column":4},"end":{"line":159,"column":6}},"61":{"start":{"line":161,"column":4},"end":{"line":161,"column":67}},"62":{"start":{"line":162,"column":4},"end":{"line":165,"column":6}}},"fnMap":{"0":{"name":"(anonymous_0)","decl":{"start":{"line":6,"column":18},"end":{"line":6,"column":19}},"loc":{"start":{"line":6,"column":46},"end":{"line":26,"column":1}},"line":6},"1":{"name":"(anonymous_1)","decl":{"start":{"line":28,"column":18},"end":{"line":28,"column":19}},"loc":{"start":{"line":28,"column":46},"end":{"line":58,"column":1}},"line":28},"2":{"name":"(anonymous_2)","decl":{"start":{"line":60,"column":17},"end":{"line":60,"column":18}},"loc":{"start":{"line":60,"column":45},"end":{"line":96,"column":1}},"line":60},"3":{"name":"(anonymous_3)","decl":{"start":{"line":98,"column":17},"end":{"line":98,"column":18}},"loc":{"start":{"line":98,"column":44},"end":{"line":126,"column":1}},"line":98},"4":{"name":"(anonymous_4)","decl":{"start":{"line":129,"column":27},"end":{"line":129,"column":28}},"loc":{"start":{"line":129,"column":55},"end":{"line":146,"column":1}},"line":129},"5":{"name":"(anonymous_5)","decl":{"start":{"line":149,"column":24},"end":{"line":149,"column":25}},"loc":{"start":{"line":149,"column":52},"end":{"line":167,"column":1}},"line":149}},"branchMap":{"0":{"loc":{"start":{"line":38,"column":4},"end":{"line":48,"column":5}},"type":"if","locations":[{"start":{"line":38,"column":4},"end":{"line":48,"column":5}},{"start":{"line":43,"column":11},"end":{"line":48,"column":5}}],"line":38},"1":{"loc":{"start":{"line":67,"column":2},"end":{"line":69,"column":3}},"type":"if","locations":[{"start":{"line":67,"column":2},"end":{"line":69,"column":3}},{"start":{},"end":{}}],"line":67}},"s":{"0":1,"1":1,"2":1,"3":1,"4":1,"5":1,"6":1,"7":1,"8":1,"9":1,"10":0,"11":0,"12":0,"13":1,"14":1,"15":1,"16":1,"17":1,"18":1,"19":1,"20":0,"21":0,"22":0,"23":1,"24":4,"25":4,"26":4,"27":4,"28":4,"29":3,"30":4,"31":4,"32":4,"33":1,"34":3,"35":3,"36":1,"37":1,"38":1,"39":1,"40":1,"41":1,"42":1,"43":1,"44":0,"45":0,"46":1,"47":1,"48":1,"49":1,"50":1,"51":1,"52":0,"53":0,"54":1,"55":0,"56":0,"57":0,"58":0,"59":0,"60":0,"61":0,"62":0},"f":{"0":1,"1":1,"2":4,"3":1,"4":1,"5":0},"b":{"0":[1,0],"1":[3,1]},"_coverageSchema":"1a1c01bbd47fc00a2c39e90264f33305004495a9","hash":"5afdd9dabcb32a1bf6ccb75bf1da17177e9be89c"}
,"E:\\Programming\\NodeJs\\CF7-Node\\usersApp\\controllers\\user.product.controller.js": {"path":"E:\\Programming\\NodeJs\\CF7-Node\\usersApp\\controllers\\user.product.controller.js","statementMap":{"0":{"start":{"line":1,"column":13},"end":{"line":1,"column":44}},"1":{"start":{"line":3,"column":0},"end":{"line":19,"column":1}},"2":{"start":{"line":4,"column":2},"end":{"line":4,"column":49}},"3":{"start":{"line":6,"column":2},"end":{"line":18,"column":3}},"4":{"start":{"line":7,"column":19},"end":{"line":7,"column":73}},"5":{"start":{"line":8,"column":4},"end":{"line":11,"column":6}},"6":{"start":{"line":13,"column":4},"end":{"line":13,"column":70}},"7":{"start":{"line":14,"column":4},"end":{"line":17,"column":6}},"8":{"start":{"line":22,"column":0},"end":{"line":43,"column":1}},"9":{"start":{"line":23,"column":2},"end":{"line":23,"column":51}},"10":{"start":{"line":25,"column":15},"end":{"line":25,"column":29}},"11":{"start":{"line":27,"column":19},"end":{"line":27,"column":32}},"12":{"start":{"line":29,"column":2},"end":{"line":42,"column":3}},"13":{"start":{"line":30,"column":19},"end":{"line":30,"column":94}},"14":{"start":{"line":32,"column":4},"end":{"line":35,"column":6}},"15":{"start":{"line":37,"column":4},"end":{"line":37,"column":54}},"16":{"start":{"line":38,"column":4},"end":{"line":41,"column":6}},"17":{"start":{"line":46,"column":0},"end":{"line":72,"column":1}},"18":{"start":{"line":47,"column":2},"end":{"line":47,"column":40}},"19":{"start":{"line":49,"column":15},"end":{"line":49,"column":27}},"20":{"start":{"line":50,"column":19},"end":{"line":50,"column":32}},"21":{"start":{"line":51,"column":19},"end":{"line":51,"column":32}},"22":{"start":{"line":53,"column":2},"end":{"line":70,"column":3}},"23":{"start":{"line":54,"column":19},"end":{"line":59,"column":8}},"24":{"start":{"line":60,"column":4},"end":{"line":63,"column":6}},"25":{"start":{"line":65,"column":4},"end":{"line":65,"column":50}},"26":{"start":{"line":66,"column":4},"end":{"line":69,"column":6}},"27":{"start":{"line":75,"column":0},"end":{"line":105,"column":1}},"28":{"start":{"line":76,"column":2},"end":{"line":76,"column":33}},"29":{"start":{"line":78,"column":15},"end":{"line":78,"column":27}},"30":{"start":{"line":79,"column":19},"end":{"line":79,"column":32}},"31":{"start":{"line":80,"column":21},"end":{"line":80,"column":29}},"32":{"start":{"line":82,"column":2},"end":{"line":82,"column":56}},"33":{"start":{"line":85,"column":2},"end":{"line":104,"column":3}},"34":{"start":{"line":86,"column":19},"end":{"line":91,"column":5}},"35":{"start":{"line":92,"column":4},"end":{"line":95,"column":6}},"36":{"start":{"line":99,"column":4},"end":{"line":99,"column":51}},"37":{"start":{"line":100,"column":4},"end":{"line":103,"column":6}},"38":{"start":{"line":107,"column":0},"end":{"line":132,"column":1}},"39":{"start":{"line":108,"column":19},"end":{"line":108,"column":42}},"40":{"start":{"line":109,"column":21},"end":{"line":109,"column":39}},"41":{"start":{"line":111,"column":2},"end":{"line":111,"column":40}},"42":{"start":{"line":113,"column":2},"end":{"line":131,"column":3}},"43":{"start":{"line":114,"column":19},"end":{"line":119,"column":8}},"44":{"start":{"line":121,"column":6},"end":{"line":124,"column":8}},"45":{"start":{"line":126,"column":4},"end":{"line":126,"column":46}},"46":{"start":{"line":127,"column":4},"end":{"line":130,"column":6}},"47":{"start":{"line":134,"column":0},"end":{"line":172,"column":1}},"48":{"start":{"line":135,"column":2},"end":{"line":135,"column":71}},"49":{"start":{"line":137,"column":2},"end":{"line":171,"column":3}},"50":{"start":{"line":138,"column":19},"end":{"line":159,"column":6}},"51":{"start":{"line":161,"column":4},"end":{"line":164,"column":6}},"52":{"start":{"line":166,"column":4},"end":{"line":166,"column":39}},"53":{"start":{"line":167,"column":4},"end":{"line":170,"column":6}}},"fnMap":{"0":{"name":"(anonymous_0)","decl":{"start":{"line":3,"column":18},"end":{"line":3,"column":19}},"loc":{"start":{"line":3,"column":46},"end":{"line":19,"column":1}},"line":3},"1":{"name":"(anonymous_1)","decl":{"start":{"line":22,"column":18},"end":{"line":22,"column":19}},"loc":{"start":{"line":22,"column":46},"end":{"line":43,"column":1}},"line":22},"2":{"name":"(anonymous_2)","decl":{"start":{"line":46,"column":17},"end":{"line":46,"column":18}},"loc":{"start":{"line":46,"column":45},"end":{"line":72,"column":1}},"line":46},"3":{"name":"(anonymous_3)","decl":{"start":{"line":75,"column":17},"end":{"line":75,"column":18}},"loc":{"start":{"line":75,"column":45},"end":{"line":105,"column":1}},"line":75},"4":{"name":"(anonymous_4)","decl":{"start":{"line":107,"column":17},"end":{"line":107,"column":18}},"loc":{"start":{"line":107,"column":45},"end":{"line":132,"column":1}},"line":107},"5":{"name":"(anonymous_5)","decl":{"start":{"line":134,"column":17},"end":{"line":134,"column":18}},"loc":{"start":{"line":134,"column":45},"end":{"line":172,"column":1}},"line":134}},"branchMap":{},"s":{"0":1,"1":1,"2":0,"3":0,"4":0,"5":0,"6":0,"7":0,"8":1,"9":0,"10":0,"11":0,"12":0,"13":0,"14":0,"15":0,"16":0,"17":1,"18":0,"19":0,"20":0,"21":0,"22":0,"23":0,"24":0,"25":0,"26":0,"27":1,"28":0,"29":0,"30":0,"31":0,"32":0,"33":0,"34":0,"35":0,"36":0,"37":0,"38":1,"39":0,"40":0,"41":0,"42":0,"43":0,"44":0,"45":0,"46":0,"47":1,"48":0,"49":0,"50":0,"51":0,"52":0,"53":0},"f":{"0":0,"1":0,"2":0,"3":0,"4":0,"5":0},"b":{},"_coverageSchema":"1a1c01bbd47fc00a2c39e90264f33305004495a9","hash":"b6ee84af683add2061018d6b0675b64d2a5a1b26"}
,"E:\\Programming\\NodeJs\\CF7-Node\\usersApp\\logger\\logger.js": {"path":"E:\\Programming\\NodeJs\\CF7-Node\\usersApp\\logger\\logger.js","statementMap":{"0":{"start":{"line":39,"column":0},"end":{"line":39,"column":36}},"1":{"start":{"line":40,"column":0},"end":{"line":40,"column":26}},"2":{"start":{"line":41,"column":45},"end":{"line":41,"column":63}},"3":{"start":{"line":42,"column":59},"end":{"line":42,"column":65}},"4":{"start":{"line":43,"column":17},"end":{"line":43,"column":36}},"5":{"start":{"line":45,"column":28},"end":{"line":52,"column":2}},"6":{"start":{"line":54,"column":15},"end":{"line":94,"column":2}},"7":{"start":{"line":96,"column":0},"end":{"line":96,"column":23}}},"fnMap":{},"branchMap":{},"s":{"0":1,"1":1,"2":1,"3":1,"4":1,"5":1,"6":1,"7":1},"f":{},"b":{},"_coverageSchema":"1a1c01bbd47fc00a2c39e90264f33305004495a9","hash":"129e6a0733d0ba75e111d27ec0ae46f0d0ee6860"}
,"E:\\Programming\\NodeJs\\CF7-Node\\usersApp\\middlewares\\auth.middleware.js": {"path":"E:\\Programming\\NodeJs\\CF7-Node\\usersApp\\middlewares\\auth.middleware.js","statementMap":{"0":{"start":{"line":1,"column":12},"end":{"line":1,"column":35}},"1":{"start":{"line":2,"column":20},"end":{"line":2,"column":55}},"2":{"start":{"line":6,"column":21},"end":{"line":6,"column":53}},"3":{"start":{"line":7,"column":16},"end":{"line":7,"column":54}},"4":{"start":{"line":9,"column":2},"end":{"line":14,"column":3}},"5":{"start":{"line":10,"column":4},"end":{"line":13,"column":6}},"6":{"start":{"line":16,"column":17},"end":{"line":16,"column":53}},"7":{"start":{"line":18,"column":2},"end":{"line":27,"column":3}},"8":{"start":{"line":19,"column":4},"end":{"line":19,"column":30}},"9":{"start":{"line":20,"column":4},"end":{"line":20,"column":10}},"10":{"start":{"line":23,"column":4},"end":{"line":26,"column":6}},"11":{"start":{"line":33,"column":2},"end":{"line":53,"column":3}},"12":{"start":{"line":34,"column":4},"end":{"line":39,"column":5}},"13":{"start":{"line":35,"column":6},"end":{"line":38,"column":8}},"14":{"start":{"line":41,"column":22},"end":{"line":41,"column":40}},"15":{"start":{"line":43,"column":27},"end":{"line":43,"column":58}},"16":{"start":{"line":45,"column":4},"end":{"line":50,"column":5}},"17":{"start":{"line":46,"column":6},"end":{"line":49,"column":8}},"18":{"start":{"line":52,"column":4},"end":{"line":52,"column":10}},"19":{"start":{"line":56,"column":0},"end":{"line":56,"column":45}}},"fnMap":{"0":{"name":"verifyToken","decl":{"start":{"line":5,"column":9},"end":{"line":5,"column":20}},"loc":{"start":{"line":5,"column":46},"end":{"line":30,"column":1}},"line":5},"1":{"name":"verifyRoles","decl":{"start":{"line":32,"column":9},"end":{"line":32,"column":20}},"loc":{"start":{"line":32,"column":34},"end":{"line":54,"column":1}},"line":32},"2":{"name":"(anonymous_2)","decl":{"start":{"line":33,"column":9},"end":{"line":33,"column":10}},"loc":{"start":{"line":33,"column":38},"end":{"line":53,"column":3}},"line":33}},"branchMap":{"0":{"loc":{"start":{"line":7,"column":16},"end":{"line":7,"column":54}},"type":"binary-expr","locations":[{"start":{"line":7,"column":16},"end":{"line":7,"column":26}},{"start":{"line":7,"column":30},"end":{"line":7,"column":54}}],"line":7},"1":{"loc":{"start":{"line":9,"column":2},"end":{"line":14,"column":3}},"type":"if","locations":[{"start":{"line":9,"column":2},"end":{"line":14,"column":3}},{"start":{},"end":{}}],"line":9},"2":{"loc":{"start":{"line":18,"column":2},"end":{"line":27,"column":3}},"type":"if","locations":[{"start":{"line":18,"column":2},"end":{"line":27,"column":3}},{"start":{"line":22,"column":9},"end":{"line":27,"column":3}}],"line":18},"3":{"loc":{"start":{"line":34,"column":4},"end":{"line":39,"column":5}},"type":"if","locations":[{"start":{"line":34,"column":4},"end":{"line":39,"column":5}},{"start":{},"end":{}}],"line":34},"4":{"loc":{"start":{"line":34,"column":8},"end":{"line":34,"column":44}},"type":"binary-expr","locations":[{"start":{"line":34,"column":8},"end":{"line":34,"column":21}},{"start":{"line":34,"column":25},"end":{"line":34,"column":44}}],"line":34},"5":{"loc":{"start":{"line":45,"column":4},"end":{"line":50,"column":5}},"type":"if","locations":[{"start":{"line":45,"column":4},"end":{"line":50,"column":5}},{"start":{},"end":{}}],"line":45}},"s":{"0":1,"1":1,"2":8,"3":8,"4":8,"5":0,"6":8,"7":8,"8":8,"9":8,"10":0,"11":4,"12":6,"13":0,"14":6,"15":6,"16":6,"17":0,"18":6,"19":1},"f":{"0":8,"1":4,"2":6},"b":{"0":[8,8],"1":[0,8],"2":[8,0],"3":[0,6],"4":[6,6],"5":[0,6]},"_coverageSchema":"1a1c01bbd47fc00a2c39e90264f33305004495a9","hash":"d479957b8608957719856584fce656604bc993c7"}
,"E:\\Programming\\NodeJs\\CF7-Node\\usersApp\\models\\user.model.js": {"path":"E:\\Programming\\NodeJs\\CF7-Node\\usersApp\\models\\user.model.js","statementMap":{"0":{"start":{"line":7,"column":17},"end":{"line":7,"column":36}},"1":{"start":{"line":10,"column":15},"end":{"line":10,"column":30}},"2":{"start":{"line":13,"column":20},"end":{"line":20,"column":15}},"3":{"start":{"line":22,"column":18},"end":{"line":25,"column":15}},"4":{"start":{"line":27,"column":21},"end":{"line":32,"column":2}},"5":{"start":{"line":34,"column":17},"end":{"line":74,"column":2}},"6":{"start":{"line":76,"column":0},"end":{"line":76,"column":51}}},"fnMap":{},"branchMap":{},"s":{"0":1,"1":1,"2":1,"3":1,"4":1,"5":1,"6":1},"f":{},"b":{},"_coverageSchema":"1a1c01bbd47fc00a2c39e90264f33305004495a9","hash":"5bd63b5da71248aaad5ab6daf06bf9d8f1a694cf"}
,"E:\\Programming\\NodeJs\\CF7-Node\\usersApp\\routes\\auth.routes.js": {"path":"E:\\Programming\\NodeJs\\CF7-Node\\usersApp\\routes\\auth.routes.js","statementMap":{"0":{"start":{"line":1,"column":16},"end":{"line":1,"column":34}},"1":{"start":{"line":2,"column":15},"end":{"line":2,"column":31}},"2":{"start":{"line":4,"column":23},"end":{"line":4,"column":64}},"3":{"start":{"line":6,"column":0},"end":{"line":6,"column":43}},"4":{"start":{"line":7,"column":0},"end":{"line":7,"column":58}},"5":{"start":{"line":9,"column":0},"end":{"line":9,"column":23}}},"fnMap":{},"branchMap":{},"s":{"0":1,"1":1,"2":1,"3":1,"4":1,"5":1},"f":{},"b":{},"_coverageSchema":"1a1c01bbd47fc00a2c39e90264f33305004495a9","hash":"31d187ab51f7ee714ef5a6430a335224f9332067"}
,"E:\\Programming\\NodeJs\\CF7-Node\\usersApp\\routes\\user.products.routes.js": {"path":"E:\\Programming\\NodeJs\\CF7-Node\\usersApp\\routes\\user.products.routes.js","statementMap":{"0":{"start":{"line":1,"column":16},"end":{"line":1,"column":34}},"1":{"start":{"line":2,"column":15},"end":{"line":2,"column":31}},"2":{"start":{"line":4,"column":30},"end":{"line":4,"column":79}},"3":{"start":{"line":6,"column":0},"end":{"line":6,"column":46}},"4":{"start":{"line":7,"column":0},"end":{"line":7,"column":55}},"5":{"start":{"line":8,"column":0},"end":{"line":8,"column":46}},"6":{"start":{"line":9,"column":0},"end":{"line":9,"column":56}},"7":{"start":{"line":10,"column":0},"end":{"line":10,"column":70}},"8":{"start":{"line":11,"column":0},"end":{"line":11,"column":57}},"9":{"start":{"line":13,"column":0},"end":{"line":13,"column":23}}},"fnMap":{},"branchMap":{},"s":{"0":1,"1":1,"2":1,"3":1,"4":1,"5":1,"6":1,"7":1,"8":1,"9":1},"f":{},"b":{},"_coverageSchema":"1a1c01bbd47fc00a2c39e90264f33305004495a9","hash":"20c709851c7d280c2ec44d06d77c7c6ba6288f26"}
,"E:\\Programming\\NodeJs\\CF7-Node\\usersApp\\routes\\users.routes.js": {"path":"E:\\Programming\\NodeJs\\CF7-Node\\usersApp\\routes\\users.routes.js","statementMap":{"0":{"start":{"line":1,"column":16},"end":{"line":1,"column":34}},"1":{"start":{"line":3,"column":15},"end":{"line":3,"column":31}},"2":{"start":{"line":5,"column":23},"end":{"line":5,"column":64}},"3":{"start":{"line":6,"column":20},"end":{"line":6,"column":73}},"4":{"start":{"line":7,"column":20},"end":{"line":7,"column":73}},"5":{"start":{"line":9,"column":0},"end":{"line":9,"column":52}},"6":{"start":{"line":10,"column":0},"end":{"line":10,"column":61}},"7":{"start":{"line":11,"column":0},"end":{"line":11,"column":74}},"8":{"start":{"line":12,"column":0},"end":{"line":12,"column":84}},"9":{"start":{"line":13,"column":0},"end":{"line":13,"column":95}},"10":{"start":{"line":14,"column":0},"end":{"line":14,"column":105}},"11":{"start":{"line":15,"column":0},"end":{"line":15,"column":23}}},"fnMap":{},"branchMap":{},"s":{"0":1,"1":1,"2":1,"3":1,"4":1,"5":1,"6":1,"7":1,"8":1,"9":1,"10":1,"11":1},"f":{},"b":{},"_coverageSchema":"1a1c01bbd47fc00a2c39e90264f33305004495a9","hash":"03cd298371970c3ff3b37f1bfac1a909da5bede4"}
,"E:\\Programming\\NodeJs\\CF7-Node\\usersApp\\services\\auth.service.js": {"path":"E:\\Programming\\NodeJs\\CF7-Node\\usersApp\\services\\auth.service.js","statementMap":{"0":{"start":{"line":1,"column":12},"end":{"line":1,"column":35}},"1":{"start":{"line":2,"column":25},"end":{"line":2,"column":55}},"2":{"start":{"line":6,"column":2},"end":{"line":6,"column":35}},"3":{"start":{"line":7,"column":18},"end":{"line":11,"column":3}},"4":{"start":{"line":13,"column":17},"end":{"line":13,"column":41}},"5":{"start":{"line":14,"column":18},"end":{"line":14,"column":35}},"6":{"start":{"line":16,"column":2},"end":{"line":16,"column":43}},"7":{"start":{"line":21,"column":17},"end":{"line":21,"column":41}},"8":{"start":{"line":23,"column":2},"end":{"line":35,"column":3}},"9":{"start":{"line":24,"column":20},"end":{"line":24,"column":45}},"10":{"start":{"line":26,"column":4},"end":{"line":29,"column":5}},"11":{"start":{"line":31,"column":4},"end":{"line":34,"column":5}},"12":{"start":{"line":40,"column":2},"end":{"line":40,"column":29}},"13":{"start":{"line":41,"column":20},"end":{"line":41,"column":48}},"14":{"start":{"line":42,"column":24},"end":{"line":42,"column":56}},"15":{"start":{"line":43,"column":23},"end":{"line":43,"column":47}},"16":{"start":{"line":45,"column":23},"end":{"line":45,"column":79}},"17":{"start":{"line":47,"column":2},"end":{"line":62,"column":3}},"18":{"start":{"line":49,"column":23},"end":{"line":49,"column":56}},"19":{"start":{"line":50,"column":4},"end":{"line":50,"column":39}},"20":{"start":{"line":52,"column":19},"end":{"line":55,"column":6}},"21":{"start":{"line":56,"column":21},"end":{"line":56,"column":46}},"22":{"start":{"line":57,"column":4},"end":{"line":57,"column":40}},"23":{"start":{"line":58,"column":4},"end":{"line":58,"column":35}},"24":{"start":{"line":60,"column":4},"end":{"line":60,"column":54}},"25":{"start":{"line":61,"column":4},"end":{"line":61,"column":57}},"26":{"start":{"line":65,"column":0},"end":{"line":65,"column":71}}},"fnMap":{"0":{"name":"generateAccessToken","decl":{"start":{"line":4,"column":9},"end":{"line":4,"column":28}},"loc":{"start":{"line":4,"column":35},"end":{"line":17,"column":1}},"line":4},"1":{"name":"verifyAccessToken","decl":{"start":{"line":19,"column":9},"end":{"line":19,"column":26}},"loc":{"start":{"line":19,"column":34},"end":{"line":37,"column":1}},"line":19},"2":{"name":"googleAuth","decl":{"start":{"line":39,"column":15},"end":{"line":39,"column":25}},"loc":{"start":{"line":39,"column":32},"end":{"line":63,"column":1}},"line":39}},"branchMap":{},"s":{"0":1,"1":1,"2":2,"3":2,"4":2,"5":2,"6":2,"7":8,"8":8,"9":8,"10":8,"11":0,"12":0,"13":0,"14":0,"15":0,"16":0,"17":0,"18":0,"19":0,"20":0,"21":0,"22":0,"23":0,"24":0,"25":0,"26":1},"f":{"0":2,"1":8,"2":0},"b":{},"_coverageSchema":"1a1c01bbd47fc00a2c39e90264f33305004495a9","hash":"d447f9af838388f2efda21cc65ef5c82ff204fe9"}
,"E:\\Programming\\NodeJs\\CF7-Node\\usersApp\\services\\user.services.js": {"path":"E:\\Programming\\NodeJs\\CF7-Node\\usersApp\\services\\user.services.js","statementMap":{"0":{"start":{"line":1,"column":13},"end":{"line":1,"column":44}},"1":{"start":{"line":4,"column":17},"end":{"line":4,"column":28}},"2":{"start":{"line":5,"column":2},"end":{"line":5,"column":15}},"3":{"start":{"line":9,"column":17},"end":{"line":9,"column":50}},"4":{"start":{"line":10,"column":2},"end":{"line":10,"column":15}},"5":{"start":{"line":14,"column":2},"end":{"line":14,"column":40}},"6":{"start":{"line":16,"column":2},"end":{"line":23,"column":3}},"7":{"start":{"line":17,"column":19},"end":{"line":17,"column":60}},"8":{"start":{"line":18,"column":4},"end":{"line":18,"column":42}},"9":{"start":{"line":19,"column":4},"end":{"line":19,"column":20}},"10":{"start":{"line":21,"column":4},"end":{"line":21,"column":61}},"11":{"start":{"line":22,"column":4},"end":{"line":22,"column":16}},"12":{"start":{"line":27,"column":0},"end":{"line":27,"column":59}}},"fnMap":{"0":{"name":"findAll","decl":{"start":{"line":3,"column":9},"end":{"line":3,"column":16}},"loc":{"start":{"line":3,"column":19},"end":{"line":6,"column":1}},"line":3},"1":{"name":"findOne","decl":{"start":{"line":8,"column":9},"end":{"line":8,"column":16}},"loc":{"start":{"line":8,"column":27},"end":{"line":11,"column":1}},"line":8},"2":{"name":"findLastInsertedUser","decl":{"start":{"line":13,"column":15},"end":{"line":13,"column":35}},"loc":{"start":{"line":13,"column":38},"end":{"line":24,"column":1}},"line":13}},"branchMap":{},"s":{"0":1,"1":1,"2":1,"3":1,"4":1,"5":3,"6":3,"7":3,"8":3,"9":3,"10":0,"11":0,"12":1},"f":{"0":1,"1":1,"2":3},"b":{},"_coverageSchema":"1a1c01bbd47fc00a2c39e90264f33305004495a9","hash":"c66d069cba7deeb37fb49b914635d797802e6a93"}
}
