TN:
SF:app.js
FNF:0
FNH:0
DA:1,1
DA:2,1
DA:3,1
DA:5,1
DA:6,1
DA:8,1
DA:9,1
DA:11,1
DA:12,1
DA:13,1
DA:16,1
DA:20,1
DA:21,1
DA:22,1
DA:24,1
DA:29,1
DA:31,1
LF:17
LH:17
BRF:0
BRH:0
end_of_record
TN:
SF:swagger.js
FNF:0
FNH:0
DA:4,1
DA:5,1
DA:7,1
LF:3
LH:3
BRF:0
BRH:0
end_of_record
TN:
SF:controllers\auth.controller.js
FN:6,(anonymous_0)
FN:39,(anonymous_1)
FNF:2
FNH:0
FNDA:0,(anonymous_0)
FNDA:0,(anonymous_1)
DA:1,1
DA:2,1
DA:3,1
DA:4,1
DA:6,1
DA:7,0
DA:9,0
DA:10,0
DA:11,0
DA:13,0
DA:14,0
DA:16,0
DA:18,0
DA:19,0
DA:20,0
DA:25,0
DA:31,0
DA:32,0
DA:39,1
DA:40,0
DA:42,0
DA:43,0
DA:44,0
DA:48,0
DA:50,0
DA:52,0
DA:53,0
DA:55,0
DA:59,0
DA:61,0
DA:68,0
DA:69,0
LF:32
LH:6
BRDA:18,0,0,0
BRDA:18,0,1,0
BRDA:18,1,0,0
BRDA:18,1,1,0
BRDA:18,1,2,0
BRDA:43,2,0,0
BRDA:43,2,1,0
BRDA:52,3,0,0
BRDA:52,3,1,0
BRF:9
BRH:0
end_of_record
TN:
SF:controllers\user.controller.js
FN:6,(anonymous_0)
FN:28,(anonymous_1)
FN:60,(anonymous_2)
FN:98,(anonymous_3)
FN:129,(anonymous_4)
FN:149,(anonymous_5)
FNF:6
FNH:5
FNDA:1,(anonymous_0)
FNDA:1,(anonymous_1)
FNDA:4,(anonymous_2)
FNDA:1,(anonymous_3)
FNDA:1,(anonymous_4)
FNDA:0,(anonymous_5)
DA:1,1
DA:2,1
DA:3,1
DA:4,1
DA:6,1
DA:7,1
DA:9,1
DA:11,1
DA:12,1
DA:16,1
DA:19,0
DA:20,0
DA:21,0
DA:28,1
DA:29,1
DA:30,1
DA:32,1
DA:37,1
DA:38,1
DA:39,1
DA:44,0
DA:52,0
DA:53,0
DA:60,1
DA:61,4
DA:63,4
DA:64,4
DA:65,4
DA:67,4
DA:68,3
DA:71,4
DA:83,4
DA:84,4
DA:85,1
DA:90,3
DA:91,3
DA:98,1
DA:99,1
DA:100,1
DA:101,1
DA:103,1
DA:113,1
DA:114,1
DA:115,1
DA:120,0
DA:121,0
DA:129,1
DA:130,1
DA:131,1
DA:133,1
DA:134,1
DA:135,1
DA:140,0
DA:141,0
DA:149,1
DA:150,0
DA:151,0
DA:152,0
DA:154,0
DA:155,0
DA:156,0
DA:161,0
DA:162,0
LF:63
LH:45
BRDA:38,0,0,1
BRDA:38,0,1,0
BRDA:67,1,0,3
BRDA:67,1,1,1
BRF:4
BRH:3
end_of_record
TN:
SF:controllers\user.product.controller.js
FN:3,(anonymous_0)
FN:22,(anonymous_1)
FN:46,(anonymous_2)
FN:75,(anonymous_3)
FN:107,(anonymous_4)
FN:134,(anonymous_5)
FNF:6
FNH:0
FNDA:0,(anonymous_0)
FNDA:0,(anonymous_1)
FNDA:0,(anonymous_2)
FNDA:0,(anonymous_3)
FNDA:0,(anonymous_4)
FNDA:0,(anonymous_5)
DA:1,1
DA:3,1
DA:4,0
DA:6,0
DA:7,0
DA:8,0
DA:13,0
DA:14,0
DA:22,1
DA:23,0
DA:25,0
DA:27,0
DA:29,0
DA:30,0
DA:32,0
DA:37,0
DA:38,0
DA:46,1
DA:47,0
DA:49,0
DA:50,0
DA:51,0
DA:53,0
DA:54,0
DA:60,0
DA:65,0
DA:66,0
DA:75,1
DA:76,0
DA:78,0
DA:79,0
DA:80,0
DA:82,0
DA:85,0
DA:86,0
DA:92,0
DA:99,0
DA:100,0
DA:107,1
DA:108,0
DA:109,0
DA:111,0
DA:113,0
DA:114,0
DA:121,0
DA:126,0
DA:127,0
DA:134,1
DA:135,0
DA:137,0
DA:138,0
DA:161,0
DA:166,0
DA:167,0
LF:54
LH:7
BRF:0
BRH:0
end_of_record
TN:
SF:logger\logger.js
FNF:0
FNH:0
DA:39,1
DA:40,1
DA:41,1
DA:42,1
DA:43,1
DA:45,1
DA:54,1
DA:96,1
LF:8
LH:8
BRF:0
BRH:0
end_of_record
TN:
SF:middlewares\auth.middleware.js
FN:5,verifyToken
FN:32,verifyRoles
FN:33,(anonymous_2)
FNF:3
FNH:3
FNDA:8,verifyToken
FNDA:4,verifyRoles
FNDA:6,(anonymous_2)
DA:1,1
DA:2,1
DA:6,8
DA:7,8
DA:9,8
DA:10,0
DA:16,8
DA:18,8
DA:19,8
DA:20,8
DA:23,0
DA:33,4
DA:34,6
DA:35,0
DA:41,6
DA:43,6
DA:45,6
DA:46,0
DA:52,6
DA:56,1
LF:20
LH:16
BRDA:7,0,0,8
BRDA:7,0,1,8
BRDA:9,1,0,0
BRDA:9,1,1,8
BRDA:18,2,0,8
BRDA:18,2,1,0
BRDA:34,3,0,0
BRDA:34,3,1,6
BRDA:34,4,0,6
BRDA:34,4,1,6
BRDA:45,5,0,0
BRDA:45,5,1,6
BRF:12
BRH:8
end_of_record
TN:
SF:models\user.model.js
FNF:0
FNH:0
DA:7,1
DA:10,1
DA:13,1
DA:22,1
DA:27,1
DA:34,1
DA:76,1
LF:7
LH:7
BRF:0
BRH:0
end_of_record
TN:
SF:routes\auth.routes.js
FNF:0
FNH:0
DA:1,1
DA:2,1
DA:4,1
DA:6,1
DA:7,1
DA:9,1
LF:6
LH:6
BRF:0
BRH:0
end_of_record
TN:
SF:routes\user.products.routes.js
FNF:0
FNH:0
DA:1,1
DA:2,1
DA:4,1
DA:6,1
DA:7,1
DA:8,1
DA:9,1
DA:10,1
DA:11,1
DA:13,1
LF:10
LH:10
BRF:0
BRH:0
end_of_record
TN:
SF:routes\users.routes.js
FNF:0
FNH:0
DA:1,1
DA:3,1
DA:5,1
DA:6,1
DA:7,1
DA:9,1
DA:10,1
DA:11,1
DA:12,1
DA:13,1
DA:14,1
DA:15,1
LF:12
LH:12
BRF:0
BRH:0
end_of_record
TN:
SF:services\auth.service.js
FN:4,generateAccessToken
FN:19,verifyAccessToken
FN:39,googleAuth
FNF:3
FNH:2
FNDA:2,generateAccessToken
FNDA:8,verifyAccessToken
FNDA:0,googleAuth
DA:1,1
DA:2,1
DA:6,2
DA:7,2
DA:13,2
DA:14,2
DA:16,2
DA:21,8
DA:23,8
DA:24,8
DA:26,8
DA:31,0
DA:40,0
DA:41,0
DA:42,0
DA:43,0
DA:45,0
DA:47,0
DA:49,0
DA:50,0
DA:52,0
DA:56,0
DA:57,0
DA:58,0
DA:60,0
DA:61,0
DA:65,1
LF:27
LH:12
BRF:0
BRH:0
end_of_record
TN:
SF:services\user.services.js
FN:3,findAll
FN:8,findOne
FN:13,findLastInsertedUser
FNF:3
FNH:3
FNDA:1,findAll
FNDA:1,findOne
FNDA:3,findLastInsertedUser
DA:1,1
DA:4,1
DA:5,1
DA:9,1
DA:10,1
DA:14,3
DA:16,3
DA:17,3
DA:18,3
DA:19,3
DA:21,0
DA:22,0
DA:27,1
LF:13
LH:11
BRF:0
BRH:0
end_of_record
